{"label":"db","level":"info","message":"MongoDB connected !! DB HOST: ac-2hybgo3-shard-00-02.ljoqc1q.mongodb.net","timestamp":"2025-04-13 15:50:02.545"}
{"label":"db","level":"info","message":"MongoDB connected !! DB HOST: ac-2hybgo3-shard-00-01.ljoqc1q.mongodb.net","timestamp":"2025-04-13 15:52:35.786"}
{"label":"db","level":"info","message":"MongoDB connected !! DB HOST: ac-2hybgo3-shard-00-00.ljoqc1q.mongodb.net","timestamp":"2025-04-13 15:53:54.992"}
{"label":"db","level":"info","message":"MongoDB connected !! DB HOST: ac-2hybgo3-shard-00-00.ljoqc1q.mongodb.net","timestamp":"2025-04-13 15:55:02.482"}
{"label":"db","level":"info","message":"MongoDB connected !! DB HOST: ac-2hybgo3-shard-00-00.ljoqc1q.mongodb.net","timestamp":"2025-04-13 15:57:10.164"}
{"label":"db","level":"info","message":"MongoDB connected !! DB HOST: ac-2hybgo3-shard-00-02.ljoqc1q.mongodb.net","timestamp":"2025-04-13 15:57:28.820"}
{"label":"db","level":"info","message":"MongoDB connected !! DB HOST: ac-2hybgo3-shard-00-00.ljoqc1q.mongodb.net","timestamp":"2025-04-13 15:57:50.842"}
{"label":"db","level":"info","message":"MongoDB connected !! DB HOST: ac-2hybgo3-shard-00-01.ljoqc1q.mongodb.net","timestamp":"2025-04-13 15:58:02.778"}
{"label":"db","level":"info","message":"MongoDB connected !! DB HOST: ac-2hybgo3-shard-00-02.ljoqc1q.mongodb.net","timestamp":"2025-04-13 15:59:04.724"}
{"label":"db","level":"info","message":"MongoDB connected !! DB HOST: ac-2hybgo3-shard-00-00.ljoqc1q.mongodb.net","timestamp":"2025-04-13 16:00:13.059"}
{"label":"db","level":"info","message":"MongoDB connected !! DB HOST: ac-2hybgo3-shard-00-01.ljoqc1q.mongodb.net","timestamp":"2025-04-13 16:00:47.007"}
{"label":"db","level":"info","message":"MongoDB connected !! DB HOST: ac-2hybgo3-shard-00-00.ljoqc1q.mongodb.net","timestamp":"2025-04-13 16:03:49.672"}
{"label":"db","level":"info","message":"MongoDB connected !! DB HOST: ac-2hybgo3-shard-00-01.ljoqc1q.mongodb.net","timestamp":"2025-04-13 16:20:48.812"}
{"label":"db","level":"info","message":"MongoDB connected !! DB HOST: ac-2hybgo3-shard-00-01.ljoqc1q.mongodb.net","timestamp":"2025-04-13 16:22:09.145"}
{"label":"db","level":"info","message":"MongoDB connected !! DB HOST: ac-2hybgo3-shard-00-01.ljoqc1q.mongodb.net","timestamp":"2025-04-13 16:22:27.897"}
{"label":"db","level":"info","message":"MongoDB connected !! DB HOST: ac-2hybgo3-shard-00-01.ljoqc1q.mongodb.net","timestamp":"2025-04-13 16:25:24.598"}
{"label":"db","level":"info","message":"MongoDB connected !! DB HOST: ac-2hybgo3-shard-00-01.ljoqc1q.mongodb.net","timestamp":"2025-04-13 16:28:44.536"}
{"label":"db","level":"info","message":"MongoDB connected !! DB HOST: ac-2hybgo3-shard-00-00.ljoqc1q.mongodb.net","timestamp":"2025-04-13 16:28:55.279"}
{"label":"db","level":"info","message":"MongoDB connected !! DB HOST: ac-2hybgo3-shard-00-01.ljoqc1q.mongodb.net","timestamp":"2025-04-13 16:33:42.288"}
{"label":"db","level":"info","message":"File uploaded to Cloudinary: https://res.cloudinary.com/udemy-webdev/image/upload/v1744554857/iafebi5k4aqejo2x7aae.jpg","timestamp":"2025-04-13 16:34:17.718"}
{"label":"db","level":"info","message":"File uploaded to Cloudinary: https://res.cloudinary.com/udemy-webdev/image/upload/v1744554858/ophhmht5ej5oevepqova.jpg","timestamp":"2025-04-13 16:34:18.442"}
{"label":"db","level":"info","message":"MongoDB connected !! DB HOST: ac-2hybgo3-shard-00-02.ljoqc1q.mongodb.net","timestamp":"2025-04-13 16:40:14.213"}
{"label":"db","level":"info","message":"MongoDB connected !! DB HOST: ac-2hybgo3-shard-00-02.ljoqc1q.mongodb.net","timestamp":"2025-04-13 16:40:45.632"}
{"label":"db","level":"info","message":"File uploaded to Cloudinary: https://res.cloudinary.com/udemy-webdev/image/upload/v1744555249/vre73hnkpmzbyhexgd0u.jpg","timestamp":"2025-04-13 16:40:50.200"}
{"label":"db","level":"info","message":"File uploaded to Cloudinary: https://res.cloudinary.com/udemy-webdev/image/upload/v1744555250/xt7c31huabeqtledafkf.jpg","timestamp":"2025-04-13 16:40:50.957"}
{"label":"db","level":"info","message":"MongoDB connected !! DB HOST: ac-2hybgo3-shard-00-01.ljoqc1q.mongodb.net","timestamp":"2025-04-13 16:42:11.661"}
{"label":"db","level":"info","message":"MongoDB connected !! DB HOST: ac-2hybgo3-shard-00-02.ljoqc1q.mongodb.net","timestamp":"2025-04-13 16:42:17.497"}
{"label":"db","level":"info","message":"MongoDB connected !! DB HOST: ac-2hybgo3-shard-00-02.ljoqc1q.mongodb.net","timestamp":"2025-04-13 16:50:55.760"}
{"label":"db","level":"info","message":"MongoDB connected !! DB HOST: ac-2hybgo3-shard-00-02.ljoqc1q.mongodb.net","timestamp":"2025-04-13 16:51:26.279"}
{"label":"db","level":"info","message":"MongoDB connected !! DB HOST: ac-2hybgo3-shard-00-00.ljoqc1q.mongodb.net","timestamp":"2025-04-13 16:57:27.654"}
{"label":"db","level":"info","message":"MongoDB connected !! DB HOST: ac-2hybgo3-shard-00-02.ljoqc1q.mongodb.net","timestamp":"2025-04-13 16:57:39.412"}
{"label":"db","level":"info","message":"MongoDB connected !! DB HOST: ac-2hybgo3-shard-00-00.ljoqc1q.mongodb.net","timestamp":"2025-04-13 16:58:28.314"}
{"label":"db","level":"info","message":"MongoDB connected !! DB HOST: ac-2hybgo3-shard-00-01.ljoqc1q.mongodb.net","timestamp":"2025-04-13 17:09:57.235"}
{"label":"db","level":"info","message":"MongoDB connected !! DB HOST: ac-2hybgo3-shard-00-02.ljoqc1q.mongodb.net","timestamp":"2025-04-13 17:11:25.207"}
{"label":"db","level":"info","message":"MongoDB connected !! DB HOST: ac-2hybgo3-shard-00-00.ljoqc1q.mongodb.net","timestamp":"2025-04-13 17:28:28.385"}
{"label":"db","level":"info","message":"MongoDB connected !! DB HOST: ac-2hybgo3-shard-00-00.ljoqc1q.mongodb.net","timestamp":"2025-04-13 17:32:27.792"}
{"label":"db","level":"info","message":"MongoDB connected !! DB HOST: ac-2hybgo3-shard-00-01.ljoqc1q.mongodb.net","timestamp":"2025-04-13 17:36:00.414"}
{"label":"db","level":"info","message":"MongoDB connected !! DB HOST: ac-2hybgo3-shard-00-02.ljoqc1q.mongodb.net","timestamp":"2025-04-13 17:42:04.035"}
{"label":"db","level":"info","message":"MongoDB connected !! DB HOST: ac-2hybgo3-shard-00-02.ljoqc1q.mongodb.net","timestamp":"2025-04-13 17:42:58.036"}
{"label":"db","level":"info","message":"MongoDB connected !! DB HOST: ac-2hybgo3-shard-00-01.ljoqc1q.mongodb.net","timestamp":"2025-04-13 17:44:53.934"}
{"label":"db","level":"info","message":"MongoDB connected !! DB HOST: ac-2hybgo3-shard-00-02.ljoqc1q.mongodb.net","timestamp":"2025-04-13 17:48:34.905"}
{"label":"db","level":"info","message":"MongoDB connected !! DB HOST: ac-2hybgo3-shard-00-02.ljoqc1q.mongodb.net","timestamp":"2025-04-13 17:48:49.684"}
{"label":"db","level":"info","message":"MongoDB connected !! DB HOST: ac-2hybgo3-shard-00-00.ljoqc1q.mongodb.net","timestamp":"2025-04-13 17:48:55.030"}
{"label":"db","level":"info","message":"MongoDB connected !! DB HOST: ac-2hybgo3-shard-00-02.ljoqc1q.mongodb.net","timestamp":"2025-04-13 17:50:03.485"}
{"label":"db","level":"info","message":"MongoDB connected !! DB HOST: ac-2hybgo3-shard-00-02.ljoqc1q.mongodb.net","timestamp":"2025-04-13 17:51:40.779"}
{"label":"db","level":"info","message":"MongoDB connected !! DB HOST: ac-2hybgo3-shard-00-02.ljoqc1q.mongodb.net","timestamp":"2025-04-13 17:52:22.447"}
{"label":"db","level":"info","message":"MongoDB connected !! DB HOST: ac-2hybgo3-shard-00-00.ljoqc1q.mongodb.net","timestamp":"2025-04-13 17:53:57.510"}
{"label":"db","level":"info","message":"MongoDB connected !! DB HOST: ac-2hybgo3-shard-00-00.ljoqc1q.mongodb.net","timestamp":"2025-04-13 17:54:30.855"}
{"label":"db","level":"info","message":"MongoDB connected !! DB HOST: ac-2hybgo3-shard-00-00.ljoqc1q.mongodb.net","timestamp":"2025-04-13 17:56:04.157"}
{"label":"db","level":"info","message":"MongoDB connected !! DB HOST: ac-2hybgo3-shard-00-00.ljoqc1q.mongodb.net","timestamp":"2025-04-13 17:56:50.844"}
{"label":"db","level":"info","message":"MongoDB connected !! DB HOST: ac-2hybgo3-shard-00-01.ljoqc1q.mongodb.net","timestamp":"2025-04-13 17:58:45.922"}
{"label":"db","level":"info","message":"MongoDB connected !! DB HOST: ac-2hybgo3-shard-00-00.ljoqc1q.mongodb.net","timestamp":"2025-04-13 17:59:16.183"}
{"label":"db","level":"info","message":"MongoDB connected !! DB HOST: ac-2hybgo3-shard-00-01.ljoqc1q.mongodb.net","timestamp":"2025-04-13 18:00:51.643"}
{"label":"db","level":"info","message":"MongoDB connected !! DB HOST: ac-2hybgo3-shard-00-02.ljoqc1q.mongodb.net","timestamp":"2025-04-13 18:02:34.031"}
{"label":"db","level":"info","message":"MongoDB connected !! DB HOST: ac-2hybgo3-shard-00-00.ljoqc1q.mongodb.net","timestamp":"2025-04-13 18:04:59.884"}
{"label":"db","level":"info","message":"MongoDB connected !! DB HOST: ac-2hybgo3-shard-00-02.ljoqc1q.mongodb.net","timestamp":"2025-04-13 18:06:00.343"}
{"label":"db","level":"info","message":"MongoDB connected !! DB HOST: ac-2hybgo3-shard-00-00.ljoqc1q.mongodb.net","timestamp":"2025-04-13 18:06:07.290"}
{"label":"db","level":"info","message":"MongoDB connected !! DB HOST: ac-2hybgo3-shard-00-00.ljoqc1q.mongodb.net","timestamp":"2025-04-13 18:08:35.406"}
{"label":"db","level":"info","message":"MongoDB connected !! DB HOST: ac-2hybgo3-shard-00-00.ljoqc1q.mongodb.net","timestamp":"2025-04-13 18:20:48.526"}
{"label":"db","level":"info","message":"MongoDB connected !! DB HOST: ac-2hybgo3-shard-00-02.ljoqc1q.mongodb.net","timestamp":"2025-04-13 18:23:08.630"}
{"label":"db","level":"info","message":"MongoDB connected !! DB HOST: ac-2hybgo3-shard-00-02.ljoqc1q.mongodb.net","timestamp":"2025-04-13 18:25:04.095"}
{"label":"db","level":"info","message":"MongoDB connected !! DB HOST: ac-2hybgo3-shard-00-01.ljoqc1q.mongodb.net","timestamp":"2025-04-13 18:44:47.034"}
{"label":"db","level":"info","message":"MongoDB connected !! DB HOST: ac-2hybgo3-shard-00-00.ljoqc1q.mongodb.net","timestamp":"2025-04-13 18:45:47.629"}
{"label":"db","level":"info","message":"MongoDB connected !! DB HOST: ac-2hybgo3-shard-00-02.ljoqc1q.mongodb.net","timestamp":"2025-04-13 18:46:19.628"}
{"label":"db","level":"info","message":"MongoDB connected !! DB HOST: ac-2hybgo3-shard-00-02.ljoqc1q.mongodb.net","timestamp":"2025-04-13 18:46:58.413"}
{"label":"db","level":"info","message":"MongoDB connected !! DB HOST: ac-2hybgo3-shard-00-00.ljoqc1q.mongodb.net","timestamp":"2025-04-13 18:47:02.608"}
{"label":"db","level":"info","message":"MongoDB connected !! DB HOST: ac-2hybgo3-shard-00-00.ljoqc1q.mongodb.net","timestamp":"2025-04-13 18:48:42.636"}
{"label":"db","level":"info","message":"MongoDB connected !! DB HOST: ac-2hybgo3-shard-00-02.ljoqc1q.mongodb.net","timestamp":"2025-04-13 18:49:05.945"}
{"label":"db","level":"info","message":"MongoDB connected !! DB HOST: ac-2hybgo3-shard-00-01.ljoqc1q.mongodb.net","timestamp":"2025-04-13 19:05:05.388"}
{"label":"db","level":"info","message":"MongoDB connected !! DB HOST: ac-2hybgo3-shard-00-00.ljoqc1q.mongodb.net","timestamp":"2025-04-13 19:35:34.612"}
{"label":"db","level":"info","message":"MongoDB connected !! DB HOST: ac-2hybgo3-shard-00-02.ljoqc1q.mongodb.net","timestamp":"2025-04-13 19:37:39.279"}
{"label":"db","level":"info","message":"MongoDB connected !! DB HOST: ac-2hybgo3-shard-00-02.ljoqc1q.mongodb.net","timestamp":"2025-04-13 19:39:51.317"}
{"label":"db","level":"info","message":"MongoDB connected !! DB HOST: ac-2hybgo3-shard-00-02.ljoqc1q.mongodb.net","timestamp":"2025-04-13 19:42:30.970"}
{"label":"db","level":"info","message":"MongoDB connected !! DB HOST: ac-2hybgo3-shard-00-01.ljoqc1q.mongodb.net","timestamp":"2025-04-13 19:42:50.085"}
{"label":"db","level":"info","message":"MongoDB connected !! DB HOST: ac-2hybgo3-shard-00-02.ljoqc1q.mongodb.net","timestamp":"2025-04-13 19:44:56.226"}
{"label":"db","level":"info","message":"MongoDB connected !! DB HOST: ac-2hybgo3-shard-00-01.ljoqc1q.mongodb.net","timestamp":"2025-04-13 19:45:40.647"}
{"label":"db","level":"info","message":"MongoDB connected !! DB HOST: ac-2hybgo3-shard-00-02.ljoqc1q.mongodb.net","timestamp":"2025-04-13 19:47:32.989"}
{"label":"db","level":"info","message":"MongoDB connected !! DB HOST: ac-2hybgo3-shard-00-02.ljoqc1q.mongodb.net","timestamp":"2025-04-13 19:49:36.996"}
{"label":"db","level":"info","message":"File uploaded to Cloudinary: https://res.cloudinary.com/udemy-webdev/image/upload/v1744566772/qqdowjxp6mxrbkaxmnqt.jpg","timestamp":"2025-04-13 19:52:53.062"}
{"label":"db","level":"info","message":"File deleted from Cloudinary: [object Object]","timestamp":"2025-04-13 19:52:53.379"}
{"label":"db","level":"info","message":"File uploaded to Cloudinary: https://res.cloudinary.com/udemy-webdev/image/upload/v1744566876/vqikox1rybxauphpvmij.jpg","timestamp":"2025-04-13 19:54:36.600"}
{"label":"db","level":"info","message":"File deleted from Cloudinary: [object Object]","timestamp":"2025-04-13 19:54:36.890"}
{"label":"db","level":"info","message":"MongoDB connected !! DB HOST: ac-2hybgo3-shard-00-01.ljoqc1q.mongodb.net","timestamp":"2025-04-13 19:56:33.290"}
{"label":"db","level":"info","message":"MongoDB connected !! DB HOST: ac-2hybgo3-shard-00-01.ljoqc1q.mongodb.net","timestamp":"2025-04-13 19:56:35.273"}
{"label":"db","level":"info","message":"MongoDB connected !! DB HOST: ac-2hybgo3-shard-00-00.ljoqc1q.mongodb.net","timestamp":"2025-04-13 19:57:31.532"}
{"label":"db","level":"info","message":"MongoDB connected !! DB HOST: ac-2hybgo3-shard-00-01.ljoqc1q.mongodb.net","timestamp":"2025-04-13 19:57:55.321"}
{"label":"db","level":"info","message":"MongoDB connected !! DB HOST: ac-2hybgo3-shard-00-00.ljoqc1q.mongodb.net","timestamp":"2025-04-13 20:02:04.588"}
{"label":"db","level":"info","message":"MongoDB connected !! DB HOST: ac-2hybgo3-shard-00-00.ljoqc1q.mongodb.net","timestamp":"2025-04-13 20:02:37.465"}
{"label":"db","level":"info","message":"MongoDB connected !! DB HOST: ac-2hybgo3-shard-00-02.ljoqc1q.mongodb.net","timestamp":"2025-04-13 20:03:35.628"}
{"label":"db","level":"info","message":"MongoDB connected !! DB HOST: ac-2hybgo3-shard-00-00.ljoqc1q.mongodb.net","timestamp":"2025-04-13 20:03:54.738"}
{"label":"db","level":"info","message":"MongoDB connected !! DB HOST: ac-2hybgo3-shard-00-02.ljoqc1q.mongodb.net","timestamp":"2025-04-13 20:04:00.726"}
{"label":"db","level":"info","message":"MongoDB connected !! DB HOST: ac-2hybgo3-shard-00-02.ljoqc1q.mongodb.net","timestamp":"2025-04-13 20:05:02.042"}
{"label":"db","level":"info","message":"MongoDB connected !! DB HOST: ac-2hybgo3-shard-00-01.ljoqc1q.mongodb.net","timestamp":"2025-04-13 20:06:44.816"}
{"label":"db","level":"info","message":"MongoDB connected !! DB HOST: ac-2hybgo3-shard-00-00.ljoqc1q.mongodb.net","timestamp":"2025-04-13 20:07:22.628"}
{"label":"db","level":"info","message":"MongoDB connected !! DB HOST: ac-2hybgo3-shard-00-02.ljoqc1q.mongodb.net","timestamp":"2025-04-13 20:07:44.657"}
{"label":"db","level":"info","message":"MongoDB connected !! DB HOST: ac-2hybgo3-shard-00-01.ljoqc1q.mongodb.net","timestamp":"2025-04-13 20:08:01.146"}
{"label":"db","level":"info","message":"MongoDB connected !! DB HOST: ac-2hybgo3-shard-00-01.ljoqc1q.mongodb.net","timestamp":"2025-04-13 20:11:41.453"}
